0 info it worked if it ends with ok
1 verbose cli [ '/usr/local/bin/node',
1 verbose cli   '/usr/local/bin/npm',
1 verbose cli   'install',
1 verbose cli   'openvg-canvas',
1 verbose cli   '-g' ]
2 info using npm@1.4.9
3 info using node@v0.10.28
4 verbose cache add [ 'openvg-canvas', null ]
5 verbose cache add name=undefined spec="openvg-canvas" args=["openvg-canvas",null]
6 verbose parsed url { protocol: null,
6 verbose parsed url   slashes: null,
6 verbose parsed url   auth: null,
6 verbose parsed url   host: null,
6 verbose parsed url   port: null,
6 verbose parsed url   hostname: null,
6 verbose parsed url   hash: null,
6 verbose parsed url   search: null,
6 verbose parsed url   query: null,
6 verbose parsed url   pathname: 'openvg-canvas',
6 verbose parsed url   path: 'openvg-canvas',
6 verbose parsed url   href: 'openvg-canvas' }
7 silly lockFile 049396c3-openvg-canvas openvg-canvas
8 verbose lock openvg-canvas /Users/alexstubbs/.npm/049396c3-openvg-canvas.lock
9 silly lockFile 049396c3-openvg-canvas openvg-canvas
10 silly lockFile 049396c3-openvg-canvas openvg-canvas
11 verbose addNamed [ 'openvg-canvas', '' ]
12 verbose addNamed [ null, '*' ]
13 silly lockFile 1fa2d895-openvg-canvas openvg-canvas@
14 verbose lock openvg-canvas@ /Users/alexstubbs/.npm/1fa2d895-openvg-canvas.lock
15 silly addNameRange { name: 'openvg-canvas', range: '*', hasData: false }
16 verbose url raw openvg-canvas
17 verbose url resolving [ 'https://registry.npmjs.org/', './openvg-canvas' ]
18 verbose url resolved https://registry.npmjs.org/openvg-canvas
19 info trying registry request attempt 1 at 18:11:58
20 http GET https://registry.npmjs.org/openvg-canvas
21 http 200 https://registry.npmjs.org/openvg-canvas
22 silly registry.get cb [ 200,
22 silly registry.get   { date: 'Thu, 28 Aug 2014 22:12:03 GMT',
22 silly registry.get     server: 'CouchDB/1.5.0 (Erlang OTP/R14B04)',
22 silly registry.get     etag: '"4GG10I4TSYDP51Q2V0BXKAFHI"',
22 silly registry.get     'content-type': 'application/json',
22 silly registry.get     'cache-control': 'max-age=60',
22 silly registry.get     'content-length': '116990',
22 silly registry.get     'accept-ranges': 'bytes',
22 silly registry.get     via: '1.1 varnish',
22 silly registry.get     age: '1',
22 silly registry.get     'x-served-by': 'cache-jfk1026-JFK',
22 silly registry.get     'x-cache': 'MISS',
22 silly registry.get     'x-cache-hits': '0',
22 silly registry.get     'x-timer': 'S1409263922.522039,VS0,VE680',
22 silly registry.get     vary: 'Accept',
22 silly registry.get     'keep-alive': 'timeout=10, max=50',
22 silly registry.get     connection: 'Keep-Alive' } ]
23 silly addNameRange number 2 { name: 'openvg-canvas', range: '*', hasData: true }
24 silly addNameRange versions [ 'openvg-canvas',
24 silly addNameRange   [ '0.1.0',
24 silly addNameRange     '0.1.1',
24 silly addNameRange     '0.2.0',
24 silly addNameRange     '1.0.0',
24 silly addNameRange     '1.1.0',
24 silly addNameRange     '1.1.1',
24 silly addNameRange     '1.1.2',
24 silly addNameRange     '1.1.3',
24 silly addNameRange     '1.1.4',
24 silly addNameRange     '1.1.5',
24 silly addNameRange     '1.1.6',
24 silly addNameRange     '1.1.7' ] ]
25 verbose addNamed [ 'openvg-canvas', '1.1.7' ]
26 verbose addNamed [ '1.1.7', '1.1.7' ]
27 silly lockFile 90168350-openvg-canvas-1-1-7 openvg-canvas@1.1.7
28 verbose lock openvg-canvas@1.1.7 /Users/alexstubbs/.npm/90168350-openvg-canvas-1-1-7.lock
29 silly lockFile f1e1af4a-g-canvas-openvg-canvas-1-1-7-tgz https://registry.npmjs.org/openvg-canvas/-/openvg-canvas-1.1.7.tgz
30 verbose lock https://registry.npmjs.org/openvg-canvas/-/openvg-canvas-1.1.7.tgz /Users/alexstubbs/.npm/f1e1af4a-g-canvas-openvg-canvas-1-1-7-tgz.lock
31 verbose addRemoteTarball [ 'https://registry.npmjs.org/openvg-canvas/-/openvg-canvas-1.1.7.tgz',
31 verbose addRemoteTarball   'b3636bece67ee652ced7d3180ecee9ab073f3922' ]
32 info retry fetch attempt 1 at 18:12:03
33 verbose fetch to= /var/folders/cg/7jxmtqsd1snbcpnp4g8xvkhc0000gp/T/npm-28138-rLvkCfmJ/1409263923439-0.7336876476183534/tmp.tgz
34 http GET https://registry.npmjs.org/openvg-canvas/-/openvg-canvas-1.1.7.tgz
35 http 200 https://registry.npmjs.org/openvg-canvas/-/openvg-canvas-1.1.7.tgz
36 verbose tar unpack /var/folders/cg/7jxmtqsd1snbcpnp4g8xvkhc0000gp/T/npm-28138-rLvkCfmJ/1409263923439-0.7336876476183534/tmp.tgz
37 silly lockFile d65649dd--npm-openvg-canvas-1-1-7-package tar:///Users/alexstubbs/.npm/openvg-canvas/1.1.7/package
38 verbose lock tar:///Users/alexstubbs/.npm/openvg-canvas/1.1.7/package /Users/alexstubbs/.npm/d65649dd--npm-openvg-canvas-1-1-7-package.lock
39 silly lockFile 359bc426-23439-0-7336876476183534-tmp-tgz tar:///var/folders/cg/7jxmtqsd1snbcpnp4g8xvkhc0000gp/T/npm-28138-rLvkCfmJ/1409263923439-0.7336876476183534/tmp.tgz
40 verbose lock tar:///var/folders/cg/7jxmtqsd1snbcpnp4g8xvkhc0000gp/T/npm-28138-rLvkCfmJ/1409263923439-0.7336876476183534/tmp.tgz /Users/alexstubbs/.npm/359bc426-23439-0-7336876476183534-tmp-tgz.lock
41 silly gunzTarPerm modes [ '755', '644' ]
42 silly gunzTarPerm extractEntry package.json
43 silly gunzTarPerm extractEntry .npmignore
44 silly gunzTarPerm extractEntry README.md
45 silly gunzTarPerm extractEntry binding.gyp
46 silly gunzTarPerm extractEntry doc/canvas.idl
47 silly gunzTarPerm extractEntry examples/arcTo.js
48 silly gunzTarPerm extractEntry examples/glyphs.js
49 silly gunzTarPerm extractEntry examples/gradients.js
50 silly gunzTarPerm extractEntry examples/imageSource.js
51 silly gunzTarPerm extractEntry examples/textSpeed.js
52 silly gunzTarPerm extractEntry examples/globalAlpha.js
53 silly gunzTarPerm extractEntry examples/clipImage.js
54 silly gunzTarPerm extractEntry examples/pathObject.js
55 silly gunzTarPerm extractEntry examples/pathPrimitives.js
56 silly gunzTarPerm extractEntry examples/pathText.js
57 silly gunzTarPerm extractEntry examples/patterns.js
58 silly gunzTarPerm extractEntry examples/getImageData.js
59 silly gunzTarPerm extractEntry examples/ray.js
60 silly gunzTarPerm extractEntry examples/fonts.js
61 silly gunzTarPerm extractEntry examples/textDrawing.js
62 silly gunzTarPerm extractEntry examples/ellipse.js
63 silly gunzTarPerm extractEntry examples/shadows.js
64 silly gunzTarPerm extractEntry examples/drawImage.js
65 silly gunzTarPerm extractEntry examples/shapes.js
66 silly gunzTarPerm extractEntry examples/doubleBuffering.js
67 silly gunzTarPerm extractEntry examples/spark.js
68 silly gunzTarPerm extractEntry examples/color.js
69 silly gunzTarPerm extractEntry examples/star.js
70 silly gunzTarPerm extractEntry examples/clock.js
71 silly gunzTarPerm extractEntry examples/state.js
72 silly gunzTarPerm extractEntry examples/clippingState.js
73 silly gunzTarPerm extractEntry examples/swissClock.js
74 silly gunzTarPerm extractEntry examples/clipping.js
75 silly gunzTarPerm extractEntry examples/textAlign.js
76 silly gunzTarPerm extractEntry examples/lineDashOffset.js
77 silly gunzTarPerm extractEntry examples/util.js
78 silly gunzTarPerm extractEntry examples/lineDashState.js
79 silly gunzTarPerm extractEntry examples/screenshots/imageSource_00.png
80 silly gunzTarPerm extractEntry examples/screenshots/clipImage.png
81 silly gunzTarPerm extractEntry examples/screenshots/clippingState.png
82 silly gunzTarPerm extractEntry examples/screenshots/color.png
83 silly gunzTarPerm extractEntry examples/screenshots/drawImage.png
84 silly gunzTarPerm extractEntry examples/screenshots/globalAlpha.png
85 silly gunzTarPerm extractEntry examples/screenshots/clipping.png
86 silly gunzTarPerm extractEntry examples/screenshots/imageSource_01.png
87 silly gunzTarPerm extractEntry examples/screenshots/imageSource_final.png
88 silly gunzTarPerm extractEntry examples/screenshots/lineDashOffset.png
89 silly gunzTarPerm extractEntry examples/screenshots/lineDashState.png
90 silly gunzTarPerm extractEntry examples/screenshots/pathText.png
91 silly gunzTarPerm extractEntry examples/screenshots/shadows.png
92 silly gunzTarPerm extractEntry examples/images/flurry.jpeg
93 silly gunzTarPerm extractEntry examples/images/grid.gif
94 silly gunzTarPerm extractEntry examples/images/grid.jpeg
95 silly gunzTarPerm extractEntry examples/images/grid.png
96 silly gunzTarPerm extractEntry examples/images/grid.pxm
97 silly gunzTarPerm extractEntry examples/images/grido2.png
98 silly gunzTarPerm extractEntry examples/images/grido4.png
99 silly gunzTarPerm extractEntry examples/images/noisy_grid.png
100 silly gunzTarPerm extractEntry v8.log
101 silly gunzTarPerm extractEntry bin/node-canvas
102 silly gunzTarPerm extractEntry reference/arcTo.html
103 silly gunzTarPerm extractEntry reference/clipping.html
104 silly gunzTarPerm extractEntry reference/clippingState.html
105 silly gunzTarPerm extractEntry reference/ellipse.html
106 silly gunzTarPerm extractEntry reference/images/grido2.png
107 silly gunzTarPerm extractEntry reference/images/grido4.png
108 silly gunzTarPerm extractEntry reference/javascripts/arcTo.js
109 silly gunzTarPerm extractEntry reference/javascripts/requestAnimationFrame.js
110 silly gunzTarPerm extractEntry reference/lineDash.html
111 silly gunzTarPerm extractEntry reference/patterns.html
112 silly gunzTarPerm extractEntry reference/shadows.html
113 silly gunzTarPerm extractEntry reference/stylesheets/style.css
114 silly gunzTarPerm extractEntry sandbox.sh
115 silly gunzTarPerm extractEntry src/freeimage/freeimage.cc
116 silly gunzTarPerm extractEntry src/freeimage/freeimage.h
117 silly gunzTarPerm extractEntry src/freeimage/image.cc
118 silly gunzTarPerm extractEntry src/freeimage/image.h
119 silly gunzTarPerm extractEntry src/freetype.cc
120 silly gunzTarPerm extractEntry src/freetype.h
121 silly gunzTarPerm extractEntry src/util.cc
122 silly gunzTarPerm extractEntry src/util.h
123 silly gunzTarPerm extractEntry src/v8_helpers.h
124 silly gunzTarPerm extractEntry tests/color.js
125 silly gunzTarPerm extractEntry tests/image/convert-from-rgba-bits.js
126 silly gunzTarPerm extractEntry tests/image/load-from-buffer.js
127 silly gunzTarPerm extractEntry lib/canvas.js
128 silly gunzTarPerm extractEntry lib/color.js
129 silly gunzTarPerm extractEntry lib/context.js
130 silly gunzTarPerm extractEntry lib/drawingStyle.js
131 silly gunzTarPerm extractEntry lib/gradient.js
132 silly gunzTarPerm extractEntry lib/image.js
133 silly gunzTarPerm extractEntry lib/matrix.js
134 silly gunzTarPerm extractEntry lib/path.js
135 silly gunzTarPerm extractEntry lib/pattern.js
136 silly gunzTarPerm extractEntry lib/text/freetype.js
137 silly gunzTarPerm extractEntry lib/text/loading.js
138 silly gunzTarPerm extractEntry lib/text/rendering.js
139 silly gunzTarPerm extractEntry lib/text/text.js
140 silly lockFile d65649dd--npm-openvg-canvas-1-1-7-package tar:///Users/alexstubbs/.npm/openvg-canvas/1.1.7/package
141 silly lockFile d65649dd--npm-openvg-canvas-1-1-7-package tar:///Users/alexstubbs/.npm/openvg-canvas/1.1.7/package
142 silly lockFile 359bc426-23439-0-7336876476183534-tmp-tgz tar:///var/folders/cg/7jxmtqsd1snbcpnp4g8xvkhc0000gp/T/npm-28138-rLvkCfmJ/1409263923439-0.7336876476183534/tmp.tgz
143 silly lockFile 359bc426-23439-0-7336876476183534-tmp-tgz tar:///var/folders/cg/7jxmtqsd1snbcpnp4g8xvkhc0000gp/T/npm-28138-rLvkCfmJ/1409263923439-0.7336876476183534/tmp.tgz
144 silly lockFile f1e1af4a-g-canvas-openvg-canvas-1-1-7-tgz https://registry.npmjs.org/openvg-canvas/-/openvg-canvas-1.1.7.tgz
145 silly lockFile f1e1af4a-g-canvas-openvg-canvas-1-1-7-tgz https://registry.npmjs.org/openvg-canvas/-/openvg-canvas-1.1.7.tgz
146 silly lockFile 90168350-openvg-canvas-1-1-7 openvg-canvas@1.1.7
147 silly lockFile 90168350-openvg-canvas-1-1-7 openvg-canvas@1.1.7
148 silly lockFile 1fa2d895-openvg-canvas openvg-canvas@
149 silly lockFile 1fa2d895-openvg-canvas openvg-canvas@
150 silly resolved [ { name: 'openvg-canvas',
150 silly resolved     preferGlobal: 'true',
150 silly resolved     version: '1.1.7',
150 silly resolved     author:
150 silly resolved      { name: 'Luis Reis',
150 silly resolved        email: 'luis@luismreis.com',
150 silly resolved        url: 'http://luismreis.com/' },
150 silly resolved     description: 'Canvas on node-openvg',
150 silly resolved     bin: { 'node-canvas': './bin/node-canvas' },
150 silly resolved     main: 'lib/canvas.js',
150 silly resolved     repository:
150 silly resolved      { type: 'git',
150 silly resolved        url: 'git://github.com/luismreis/node-openvg-canvas.git' },
150 silly resolved     keyword: [ 'raspberry-pi', 'openvg', 'canvas' ],
150 silly resolved     dependencies: { openvg: '~0.4.4' },
150 silly resolved     devDependencies: { tap: '*' },
150 silly resolved     license: 'MIT',
150 silly resolved     engines: { node: '>=0.8' },
150 silly resolved     scripts:
150 silly resolved      { test: 'node node_modules/tap/bin/tap.js tests',
150 silly resolved        install: 'node-gyp rebuild' },
150 silly resolved     gypfile: true,
150 silly resolved     readme: '# node-openvg-canvas\n\n[![NPM](https://nodei.co/npm/openvg-canvas.png?downloads=true&stars=true)](https://nodei.co/npm-dl/openvg-canvas/) [![NPM](https://nodei.co/npm-dl/openvg-canvas.png)](https://nodei.co/npm-dl/openvg-canvas/)\n\n## Canvas implementation on node-openvg\n\nThis module implements a HTML5 Canvas on top of OpenVG (node-openvg). It is targeted to the raspberry-pi.\nBy using the OpenVG APIs on the Raspberry PI, all graphics code will run on the GPU with hardware acceleration.\n\nThis library aims for API compatibility with [node-canvas](https://github.com/learnboost/node-canvas) where it applies and makes sense. While node-canvas is targeted to create images off screen, node-openvg-canvas is targeted to main screen usage, but not yet for user interaction.\n\nCurrently there are only plans to implement the 2d context. Implementing the 3d context (web gl) should be possible by mapping OpenGL/ES.\n\n## 0. Installation\n\nThis module has been tested on node 0.8, 0.10 and 0.11. Official node binaries for the\nraspberry pi can be found be clicking at "Other release files" link that accompanies every\nnode release announcement, [example](http://nodejs.org/dist/v0.11.4/).\n\n### Prerequisites\n\nnode-openvg-canvas depends on freetype and freeimage. To install these libraries\non the raspberry - assuming a raspbian distribution - use:\n\n    sudo apt-get install libfreetype6 libfreetype6-dev libfreeimage3 libfreeimage-dev\n\n### Source code install\n\nFetch the source:\n\n    git clone https://github.com/luismreis/node-openvg-canvas.git\n\nBuild the package:\n\n    cd node-openvg-canvas\n    npm install\n\nTo test:\n\n    export PATH=$PWD/bin:$PATH\n    examples/swissClock.js\n\n### NPM / module install\n\nRun on your command line:\n\n    npm install openvg-canvas --save\n\n## 1. Documentation\n\n### Reference\n\n* [WHATWG](http://www.whatwg.org/specs/web-apps/current-work/multipage/the-canvas-element.html)\n* [w3c](http://www.w3.org/TR/2dcontext/)\n\n### Canvas implementation status\n\nThe project now implements the full HTML 5 Canvas Level 1 specification, plus most of\nthe non interactive features of Level 2. The current focus on the project for releases in the short term is performance.\n\nItems marked as "✘" are not planned for implementation. Some due to insufficient information (eg. focus ring), others because they don\'t make sense in this implementation (eg. scrollPathIntoView).\n\n<table>\n  <thead>\n    <tr><th>Object / Feature</th><th>Status</th><th>Notes</th></tr>\n  </thead>\n  <tbody>\n    <tr><td>CanvasRenderingContext2D</td><td></td><td></td></tr>\n    <tr><td>- state - save/restore</td><td>✔</td><td></td></tr>\n    <tr><td>- matrix transformations: scale, transform, etc</td><td>✔</td><td></td></tr>\n    <tr><td>- compositing - alpha, composite operation</td><td>✔</td><td></td></tr>\n    <tr><td>- image smoothing</td><td>✔</td><td></td></tr>\n    <tr><td>- stroke/fill style</td><td>✔</td><td></td></tr>\n    <tr><td>- solid colors</td><td>✔</td><td></td></tr>\n    <tr><td>- gradients</td><td>✔</td><td></td></tr>\n    <tr><td>- patterns</td><td>✔</td><td><br>(see below)</td></tr>\n    <tr><td>- shadows</td><td>✔</td><td></td></tr>\n    <tr><td>- clear/fill/stroke rect</td><td>✔</td><td></td></tr>\n    <tr><td>- beginPath, paths / path methods, fill, stroke</td><td>✔</td><td></td></tr>\n    <tr><td>- focus ring</td><td>✘</td><td></td></tr>\n    <tr><td>- scrollPathIntoView</td><td>✘</td><td></td></tr>\n    <tr><td>- clipping region</td><td>✔</td><td></td></tr>\n    <tr><td>- isPointInPath</td><td>to do</td><td>Support planned.</td></tr>\n    <tr><td>- fill/stroke text</td><td>✔</td><td></td></tr>\n    <tr><td>- measure text</td><td>✔</td><td>hanging and ideographic baselines not implemented.</td></tr>\n    <tr><td>- drawImage</td><td>✔</td><td></td></tr>\n    <tr><td>- hit regions</td><td>✘</td><td></td></tr>\n    <tr><td>- create/get/put image data</td><td>✔</td><td></td></tr>\n    <tr><td>CanvasDrawingStyles</td><td></td><td></td></tr>\n    <tr><td>- line caps/joins - line width, cap, join, miter limit</td><td>✔</td><td></td></tr>\n    <tr><td>- dashed lines</td><td>✔</td><td></td></tr>\n    <tr><td>- text - font, textAlign, textBaseline</td><td>✔</td><td></td></tr>\n    <tr><td>CanvasPathMethods</td><td>✔</td><td></td></tr>\n    <tr><td>- beginPath</td><td>✔</td><td>Also available on the Path object.</td></tr>\n    <tr><td>- moveTo, lineTo</td><td>✔</td><td></td></tr>\n    <tr><td>- quadraticCurveTo, bezierCurveTo</td><td>✔</td><td>Untested</td></tr>\n    <tr><td>- arcTo</td><td>✔</td><td>Implemented Canvas Level 2 (elliptical arcs)</td></tr>\n    <tr><td>- rect</td><td>✔</td><td></td></tr>\n    <tr><td>- arc</td><td>✔</td><td></td></tr>\n    <tr><td>- ellipse</td><td>✔</td><td></td></tr>\n    <tr><td>CanvasGradient</td><td>✔</td><td></td></tr>\n    <tr><td>- addColorStop</td><td>✔</td><td></td></tr>\n    <tr><td>CanvasPattern</td><td>✔</td><td>OpenVG doesn\'t support one-directional patterns. For now only \'no-repeat\' and \'repeat\' work as expected.</td></tr>\n    <tr><td>- setTransform</td><td>to do</td><td>Planned.</td></tr>\n    <tr><td>TextMetrics</td><td>✔</td><td></td></tr>\n    <tr><td>HitRegionOptions</td><td>✘</td><td></td></tr>\n    <tr><td>ImageData</td><td>✔</td><td></td></tr>\n    <tr><td>Path</td><td>✔</td><td>(see CanvasPathMethods)</td></tr>\n    <tr><td>- (constructor)</td><td>✔</td><td>SVG path constructor after v1.0</td></tr>\n    <tr><td>- addPath</td><td>✔</td><td></td></tr>\n    <tr><td>- addPathByStrokingPath</td><td>✘</td><td></td></tr>\n    <tr><td>- addText</td><td>✔</td><td>Position and Path variants</td></tr>\n    <tr><td>- addPathByStrokingText</td><td>✘</td><td></td></tr>\n  </tbody>\n</table>\n\n### Differences from the HTML5 Canvas object / node-canvas\n\nOn browsers, the Canvas rendering is controlled by the browser runtime - this is referred in the w3c docs as the \' "update the rendering" step\'.\n\nOn node-canvas, user code explicitly calls toBuffer or similar functions to produce output. Note that this behavior can be reproduced on node-openvg-canvas by calling ImageData.saveToBuffer and/or Canvas.toBuffer.\n\nCode running on node-openvg-canvas must explicitly swap display buffers, to do so, either call ```Canvas.vgSwapBuffers()``` or use the included requestAnimationFrame shim that does this after calling your paint callback function (for more information look at the clock examples).\n\n## Some sample screenshots\nThe code to produce these screenshots is included in the examples.\n\n### Colors parsing\nexamples/color.js\n\n![Color](https://raw.github.com/luismreis/node-openvg-canvas/master/examples/screenshots/color.png)\n\n### Clipping\nexamples/clipping.js\n\n![Clipping](https://raw.github.com/luismreis/node-openvg-canvas/master/examples/screenshots/clipping.png)\n\n### Alpha\nexamples/globalAlpha.js\n\n![globalAlpha](https://raw.github.com/luismreis/node-openvg-canvas/master/examples/screenshots/globalAlpha.png)\n\n### Shadows\nexamples/clipping.js\n\n![Shadows](https://raw.github.com/luismreis/node-openvg-canvas/master/examples/screenshots/shadows.png)\n\n### Text along paths\nexamples/pathText.js\n\n![Path Text](https://raw.github.com/luismreis/node-openvg-canvas/master/examples/screenshots/pathText.png)\n\n## License\n\n(The MIT License)\n\nCopyright (c) 2012, 2013 Luis Reis\n\nPermission is hereby granted, free of charge, to any person obtaining a copy of this software and associated documentation files (the "Software"), to deal in the Software without restriction, including without limitation the rights to use, copy, modify, merge, publish, distribute, sublicense, and/or sell copies of the Software, and to permit persons to whom the Software is furnished to do so, subject to the following conditions:\n\nThe above copyright notice and this permission notice shall be included in all copies or substantial portions of the Software.\n\nTHE SOFTWARE IS PROVIDED "AS IS", WITHOUT WARRANTY OF ANY KIND, EXPRESS OR IMPLIED, INCLUDING BUT NOT LIMITED TO THE WARRANTIES OF MERCHANTABILITY, FITNESS FOR A PARTICULAR PURPOSE AND NONINFRINGEMENT. IN NO EVENT SHALL THE AUTHORS OR COPYRIGHT HOLDERS BE LIABLE FOR ANY CLAIM, DAMAGES OR OTHER LIABILITY, WHETHER IN AN ACTION OF CONTRACT, TORT OR OTHERWISE, ARISING FROM, OUT OF OR IN CONNECTION WITH THE SOFTWARE OR THE USE OR OTHER DEALINGS IN THE SOFTWARE.\n\n====\n\nThis module used to depend on node-image (BSD license) [npm](https://npmjs.org/package/node-image) / [github](https://github.com/mikeseven/node-image) for image loading/saving, currently, it has it\'s own [FreeImage](http://freeimage.sourceforge.net/license.html) bindings.\n\n====\n\nFont loading and rendering via [FreeType](http://www.freetype.org/) is based on code originaly from [Hybrid Graphics, Ltd](http://web.archive.org/web/20070808195023/http://developer.hybrid.fi/font2openvg/index.html) (BSD license).\n',
150 silly resolved     readmeFilename: 'README.md',
150 silly resolved     bugs: { url: 'https://github.com/luismreis/node-openvg-canvas/issues' },
150 silly resolved     homepage: 'https://github.com/luismreis/node-openvg-canvas',
150 silly resolved     _id: 'openvg-canvas@1.1.7',
150 silly resolved     _shasum: 'b3636bece67ee652ced7d3180ecee9ab073f3922',
150 silly resolved     _from: 'openvg-canvas@',
150 silly resolved     _resolved: 'https://registry.npmjs.org/openvg-canvas/-/openvg-canvas-1.1.7.tgz' } ]
151 info install openvg-canvas@1.1.7 into /usr/local/lib
152 info installOne openvg-canvas@1.1.7
153 info /usr/local/lib/node_modules/openvg-canvas unbuild
154 verbose tar unpack /Users/alexstubbs/.npm/openvg-canvas/1.1.7/package.tgz
155 silly lockFile 7bc27465-l-lib-node-modules-openvg-canvas tar:///usr/local/lib/node_modules/openvg-canvas
156 verbose lock tar:///usr/local/lib/node_modules/openvg-canvas /Users/alexstubbs/.npm/7bc27465-l-lib-node-modules-openvg-canvas.lock
157 silly lockFile 58750367--openvg-canvas-1-1-7-package-tgz tar:///Users/alexstubbs/.npm/openvg-canvas/1.1.7/package.tgz
158 verbose lock tar:///Users/alexstubbs/.npm/openvg-canvas/1.1.7/package.tgz /Users/alexstubbs/.npm/58750367--openvg-canvas-1-1-7-package-tgz.lock
159 silly gunzTarPerm modes [ '755', '644' ]
160 silly gunzTarPerm extractEntry package.json
161 silly gunzTarPerm extractEntry .npmignore
162 silly gunzTarPerm extractEntry README.md
163 silly gunzTarPerm extractEntry binding.gyp
164 silly gunzTarPerm extractEntry doc/canvas.idl
165 silly gunzTarPerm extractEntry examples/arcTo.js
166 silly gunzTarPerm extractEntry examples/glyphs.js
167 silly gunzTarPerm extractEntry examples/gradients.js
168 silly gunzTarPerm extractEntry examples/imageSource.js
169 silly gunzTarPerm extractEntry examples/textSpeed.js
170 silly gunzTarPerm extractEntry examples/globalAlpha.js
171 silly gunzTarPerm extractEntry examples/clipImage.js
172 silly gunzTarPerm extractEntry examples/pathObject.js
173 silly gunzTarPerm extractEntry examples/pathPrimitives.js
174 silly gunzTarPerm extractEntry examples/pathText.js
175 silly gunzTarPerm extractEntry examples/patterns.js
176 silly gunzTarPerm extractEntry examples/getImageData.js
177 silly gunzTarPerm extractEntry examples/ray.js
178 silly gunzTarPerm extractEntry examples/fonts.js
179 silly gunzTarPerm extractEntry examples/textDrawing.js
180 silly gunzTarPerm extractEntry examples/ellipse.js
181 silly gunzTarPerm extractEntry examples/shadows.js
182 silly gunzTarPerm extractEntry examples/drawImage.js
183 silly gunzTarPerm extractEntry examples/shapes.js
184 silly gunzTarPerm extractEntry examples/doubleBuffering.js
185 silly gunzTarPerm extractEntry examples/spark.js
186 silly gunzTarPerm extractEntry examples/color.js
187 silly gunzTarPerm extractEntry examples/star.js
188 silly gunzTarPerm extractEntry examples/clock.js
189 silly gunzTarPerm extractEntry examples/state.js
190 silly gunzTarPerm extractEntry examples/clippingState.js
191 silly gunzTarPerm extractEntry examples/swissClock.js
192 silly gunzTarPerm extractEntry examples/clipping.js
193 silly gunzTarPerm extractEntry examples/textAlign.js
194 silly gunzTarPerm extractEntry examples/lineDashOffset.js
195 silly gunzTarPerm extractEntry examples/util.js
196 silly gunzTarPerm extractEntry examples/lineDashState.js
197 silly gunzTarPerm extractEntry examples/screenshots/imageSource_00.png
198 silly gunzTarPerm extractEntry examples/screenshots/clipImage.png
199 silly gunzTarPerm extractEntry examples/screenshots/clippingState.png
200 silly gunzTarPerm extractEntry examples/screenshots/color.png
201 silly gunzTarPerm extractEntry examples/screenshots/drawImage.png
202 silly gunzTarPerm extractEntry examples/screenshots/globalAlpha.png
203 silly gunzTarPerm extractEntry examples/screenshots/clipping.png
204 silly gunzTarPerm extractEntry examples/screenshots/imageSource_01.png
205 silly gunzTarPerm extractEntry examples/screenshots/imageSource_final.png
206 silly gunzTarPerm extractEntry examples/screenshots/lineDashOffset.png
207 silly gunzTarPerm extractEntry examples/screenshots/lineDashState.png
208 silly gunzTarPerm extractEntry examples/screenshots/pathText.png
209 silly gunzTarPerm extractEntry examples/screenshots/shadows.png
210 silly gunzTarPerm extractEntry examples/images/flurry.jpeg
211 silly gunzTarPerm extractEntry examples/images/grid.gif
212 silly gunzTarPerm extractEntry examples/images/grid.jpeg
213 silly gunzTarPerm extractEntry examples/images/grid.png
214 silly gunzTarPerm extractEntry examples/images/grid.pxm
215 silly gunzTarPerm extractEntry examples/images/grido2.png
216 silly gunzTarPerm extractEntry examples/images/grido4.png
217 silly gunzTarPerm extractEntry examples/images/noisy_grid.png
218 silly gunzTarPerm extractEntry v8.log
219 silly gunzTarPerm extractEntry bin/node-canvas
220 silly gunzTarPerm extractEntry reference/arcTo.html
221 silly gunzTarPerm extractEntry reference/clipping.html
222 silly gunzTarPerm extractEntry reference/clippingState.html
223 silly gunzTarPerm extractEntry reference/ellipse.html
224 silly gunzTarPerm extractEntry reference/images/grido2.png
225 silly gunzTarPerm extractEntry reference/images/grido4.png
226 silly gunzTarPerm extractEntry reference/javascripts/arcTo.js
227 silly gunzTarPerm extractEntry reference/javascripts/requestAnimationFrame.js
228 silly gunzTarPerm extractEntry reference/lineDash.html
229 silly gunzTarPerm extractEntry reference/patterns.html
230 silly gunzTarPerm extractEntry reference/shadows.html
231 silly gunzTarPerm extractEntry reference/stylesheets/style.css
232 silly gunzTarPerm extractEntry sandbox.sh
233 silly gunzTarPerm extractEntry src/freeimage/freeimage.cc
234 silly gunzTarPerm extractEntry src/freeimage/freeimage.h
235 silly gunzTarPerm extractEntry src/freeimage/image.cc
236 silly gunzTarPerm extractEntry src/freeimage/image.h
237 silly gunzTarPerm extractEntry src/freetype.cc
238 silly gunzTarPerm extractEntry src/freetype.h
239 silly gunzTarPerm extractEntry src/util.cc
240 silly gunzTarPerm extractEntry src/util.h
241 silly gunzTarPerm extractEntry src/v8_helpers.h
242 silly gunzTarPerm extractEntry tests/color.js
243 silly gunzTarPerm extractEntry tests/image/convert-from-rgba-bits.js
244 silly gunzTarPerm extractEntry tests/image/load-from-buffer.js
245 silly gunzTarPerm extractEntry lib/canvas.js
246 silly gunzTarPerm extractEntry lib/color.js
247 silly gunzTarPerm extractEntry lib/context.js
248 silly gunzTarPerm extractEntry lib/drawingStyle.js
249 silly gunzTarPerm extractEntry lib/gradient.js
250 silly gunzTarPerm extractEntry lib/image.js
251 silly gunzTarPerm extractEntry lib/matrix.js
252 silly gunzTarPerm extractEntry lib/path.js
253 silly gunzTarPerm extractEntry lib/pattern.js
254 silly gunzTarPerm extractEntry lib/text/freetype.js
255 silly gunzTarPerm extractEntry lib/text/loading.js
256 silly gunzTarPerm extractEntry lib/text/rendering.js
257 silly gunzTarPerm extractEntry lib/text/text.js
258 silly lockFile 7bc27465-l-lib-node-modules-openvg-canvas tar:///usr/local/lib/node_modules/openvg-canvas
259 silly lockFile 7bc27465-l-lib-node-modules-openvg-canvas tar:///usr/local/lib/node_modules/openvg-canvas
260 silly lockFile 58750367--openvg-canvas-1-1-7-package-tgz tar:///Users/alexstubbs/.npm/openvg-canvas/1.1.7/package.tgz
261 silly lockFile 58750367--openvg-canvas-1-1-7-package-tgz tar:///Users/alexstubbs/.npm/openvg-canvas/1.1.7/package.tgz
262 info preinstall openvg-canvas@1.1.7
263 verbose readDependencies using package.json deps
264 verbose readDependencies using package.json deps
265 verbose cache add [ 'openvg@~0.4.4', null ]
266 verbose cache add name=undefined spec="openvg@~0.4.4" args=["openvg@~0.4.4",null]
267 verbose parsed url { protocol: null,
267 verbose parsed url   slashes: null,
267 verbose parsed url   auth: null,
267 verbose parsed url   host: null,
267 verbose parsed url   port: null,
267 verbose parsed url   hostname: null,
267 verbose parsed url   hash: null,
267 verbose parsed url   search: null,
267 verbose parsed url   query: null,
267 verbose parsed url   pathname: 'openvg@~0.4.4',
267 verbose parsed url   path: 'openvg@~0.4.4',
267 verbose parsed url   href: 'openvg@~0.4.4' }
268 verbose cache add name="openvg" spec="~0.4.4" args=["openvg","~0.4.4"]
269 verbose parsed url { protocol: null,
269 verbose parsed url   slashes: null,
269 verbose parsed url   auth: null,
269 verbose parsed url   host: null,
269 verbose parsed url   port: null,
269 verbose parsed url   hostname: null,
269 verbose parsed url   hash: null,
269 verbose parsed url   search: null,
269 verbose parsed url   query: null,
269 verbose parsed url   pathname: '~0.4.4',
269 verbose parsed url   path: '~0.4.4',
269 verbose parsed url   href: '~0.4.4' }
270 verbose addNamed [ 'openvg', '~0.4.4' ]
271 verbose addNamed [ null, '>=0.4.4-0 <0.5.0-0' ]
272 silly lockFile 976cf221-openvg-0-4-4 openvg@~0.4.4
273 verbose lock openvg@~0.4.4 /Users/alexstubbs/.npm/976cf221-openvg-0-4-4.lock
274 silly addNameRange { name: 'openvg', range: '>=0.4.4-0 <0.5.0-0', hasData: false }
275 verbose url raw openvg
276 verbose url resolving [ 'https://registry.npmjs.org/', './openvg' ]
277 verbose url resolved https://registry.npmjs.org/openvg
278 info trying registry request attempt 1 at 18:12:13
279 http GET https://registry.npmjs.org/openvg
280 http 200 https://registry.npmjs.org/openvg
281 silly registry.get cb [ 200,
281 silly registry.get   { date: 'Thu, 28 Aug 2014 22:12:15 GMT',
281 silly registry.get     server: 'CouchDB/1.5.0 (Erlang OTP/R16B03)',
281 silly registry.get     etag: '"3ZF45V06BEOPHKZTDI4O0HH2K"',
281 silly registry.get     'content-type': 'application/json',
281 silly registry.get     'cache-control': 'max-age=60',
281 silly registry.get     'content-length': '32399',
281 silly registry.get     'accept-ranges': 'bytes',
281 silly registry.get     via: '1.1 varnish',
281 silly registry.get     age: '0',
281 silly registry.get     'x-served-by': 'cache-jfk1031-JFK',
281 silly registry.get     'x-cache': 'MISS',
281 silly registry.get     'x-cache-hits': '0',
281 silly registry.get     'x-timer': 'S1409263934.574547,VS0,VE433',
281 silly registry.get     vary: 'Accept',
281 silly registry.get     'keep-alive': 'timeout=10, max=50',
281 silly registry.get     connection: 'Keep-Alive' } ]
282 silly addNameRange number 2 { name: 'openvg', range: '>=0.4.4-0 <0.5.0-0', hasData: true }
283 silly addNameRange versions [ 'openvg',
283 silly addNameRange   [ '0.1.0',
283 silly addNameRange     '0.1.1',
283 silly addNameRange     '0.2.0',
283 silly addNameRange     '0.3.0',
283 silly addNameRange     '0.4.0',
283 silly addNameRange     '0.4.1',
283 silly addNameRange     '0.4.2',
283 silly addNameRange     '0.4.3',
283 silly addNameRange     '0.4.4' ] ]
284 verbose addNamed [ 'openvg', '0.4.4' ]
285 verbose addNamed [ '0.4.4', '0.4.4' ]
286 silly lockFile 7e637a39-openvg-0-4-4 openvg@0.4.4
287 verbose lock openvg@0.4.4 /Users/alexstubbs/.npm/7e637a39-openvg-0-4-4.lock
288 silly lockFile cab59c6c-pmjs-org-openvg-openvg-0-4-4-tgz https://registry.npmjs.org/openvg/-/openvg-0.4.4.tgz
289 verbose lock https://registry.npmjs.org/openvg/-/openvg-0.4.4.tgz /Users/alexstubbs/.npm/cab59c6c-pmjs-org-openvg-openvg-0-4-4-tgz.lock
290 verbose addRemoteTarball [ 'https://registry.npmjs.org/openvg/-/openvg-0.4.4.tgz',
290 verbose addRemoteTarball   '73fdba9fa4e7653d35d13b2c811f42b15257ad69' ]
291 info retry fetch attempt 1 at 18:12:15
292 verbose fetch to= /var/folders/cg/7jxmtqsd1snbcpnp4g8xvkhc0000gp/T/npm-28138-rLvkCfmJ/1409263935346-0.5974277998320758/tmp.tgz
293 http GET https://registry.npmjs.org/openvg/-/openvg-0.4.4.tgz
294 http 200 https://registry.npmjs.org/openvg/-/openvg-0.4.4.tgz
295 verbose tar unpack /var/folders/cg/7jxmtqsd1snbcpnp4g8xvkhc0000gp/T/npm-28138-rLvkCfmJ/1409263935346-0.5974277998320758/tmp.tgz
296 silly lockFile c786a29c-xstubbs-npm-openvg-0-4-4-package tar:///Users/alexstubbs/.npm/openvg/0.4.4/package
297 verbose lock tar:///Users/alexstubbs/.npm/openvg/0.4.4/package /Users/alexstubbs/.npm/c786a29c-xstubbs-npm-openvg-0-4-4-package.lock
298 silly lockFile e2046b6d-35346-0-5974277998320758-tmp-tgz tar:///var/folders/cg/7jxmtqsd1snbcpnp4g8xvkhc0000gp/T/npm-28138-rLvkCfmJ/1409263935346-0.5974277998320758/tmp.tgz
299 verbose lock tar:///var/folders/cg/7jxmtqsd1snbcpnp4g8xvkhc0000gp/T/npm-28138-rLvkCfmJ/1409263935346-0.5974277998320758/tmp.tgz /Users/alexstubbs/.npm/e2046b6d-35346-0-5974277998320758-tmp-tgz.lock
300 silly gunzTarPerm modes [ '755', '644' ]
301 silly gunzTarPerm extractEntry package.json
302 silly gunzTarPerm extractEntry .npmignore
303 silly gunzTarPerm extractEntry README.md
304 silly gunzTarPerm extractEntry openvg.js
305 silly gunzTarPerm extractEntry bin/node-openvg
306 silly gunzTarPerm extractEntry binding.gyp
307 silly gunzTarPerm extractEntry examples/hello.js
308 silly gunzTarPerm extractEntry examples/hwinfo.js
309 silly gunzTarPerm extractEntry examples/panic.js
310 silly gunzTarPerm extractEntry examples/star.js
311 silly gunzTarPerm extractEntry examples/fonts/sans-mono.json
312 silly gunzTarPerm extractEntry examples/fonts/sans.json
313 silly gunzTarPerm extractEntry examples/fonts/serif.json
314 silly gunzTarPerm extractEntry examples/modules/text.js
315 silly gunzTarPerm extractEntry examples/modules/util.js
316 silly gunzTarPerm extractEntry src/argchecks.h
317 silly gunzTarPerm extractEntry src/egl.cc
318 silly gunzTarPerm extractEntry src/egl.h
319 silly gunzTarPerm extractEntry src/init-egl.cc
320 silly gunzTarPerm extractEntry src/openvg.cc
321 silly gunzTarPerm extractEntry src/openvg.h
322 silly gunzTarPerm extractEntry src/v8_helpers.h
323 silly lockFile c786a29c-xstubbs-npm-openvg-0-4-4-package tar:///Users/alexstubbs/.npm/openvg/0.4.4/package
324 silly lockFile c786a29c-xstubbs-npm-openvg-0-4-4-package tar:///Users/alexstubbs/.npm/openvg/0.4.4/package
325 silly lockFile e2046b6d-35346-0-5974277998320758-tmp-tgz tar:///var/folders/cg/7jxmtqsd1snbcpnp4g8xvkhc0000gp/T/npm-28138-rLvkCfmJ/1409263935346-0.5974277998320758/tmp.tgz
326 silly lockFile e2046b6d-35346-0-5974277998320758-tmp-tgz tar:///var/folders/cg/7jxmtqsd1snbcpnp4g8xvkhc0000gp/T/npm-28138-rLvkCfmJ/1409263935346-0.5974277998320758/tmp.tgz
327 silly lockFile cab59c6c-pmjs-org-openvg-openvg-0-4-4-tgz https://registry.npmjs.org/openvg/-/openvg-0.4.4.tgz
328 silly lockFile cab59c6c-pmjs-org-openvg-openvg-0-4-4-tgz https://registry.npmjs.org/openvg/-/openvg-0.4.4.tgz
329 silly lockFile 7e637a39-openvg-0-4-4 openvg@0.4.4
330 silly lockFile 7e637a39-openvg-0-4-4 openvg@0.4.4
331 silly lockFile 976cf221-openvg-0-4-4 openvg@~0.4.4
332 silly lockFile 976cf221-openvg-0-4-4 openvg@~0.4.4
333 silly resolved [ { name: 'openvg',
333 silly resolved     preferGlobal: 'true',
333 silly resolved     version: '0.4.4',
333 silly resolved     author:
333 silly resolved      { name: 'Luis Reis',
333 silly resolved        email: 'luis@luismreis.com',
333 silly resolved        url: 'http://luismreis.com/' },
333 silly resolved     description: 'OpenVG bindings for node',
333 silly resolved     bin: { 'node-openvg': './bin/node-openvg' },
333 silly resolved     main: 'openvg.js',
333 silly resolved     repository:
333 silly resolved      { type: 'git',
333 silly resolved        url: 'git://github.com/luismreis/node-openvg.git' },
333 silly resolved     keyword: [ 'raspberry-pi', 'openvg' ],
333 silly resolved     dependencies: {},
333 silly resolved     devDependencies: {},
333 silly resolved     license: 'MIT',
333 silly resolved     engines: { node: '>=0.8' },
333 silly resolved     scripts: { install: 'node-gyp rebuild' },
333 silly resolved     gypfile: true,
333 silly resolved     readme: '# node-openvg (OpenVG bindings for node.js)\n\n[![NPM](https://nodei.co/npm/openvg.png?downloads=true&stars=true)](https://nodei.co/npm-dl/openvg/) [![NPM](https://nodei.co/npm-dl/openvg.png)](https://nodei.co/npm-dl/openvg/)\n\nThis module implements bindings for OpenVG. It is targeted to the raspberry-pi.\n\nIt is heavily inspired in [node-sdl](https://github.com/creationix/node-sdl) and [openvg](https://github.com/ajstarks/openvg).\n\nTested on node 0.8, 0.10 and 0.11.\n\n## 0. Installation\n\nJust install via npm:\n\n    npm install openvg\n\n## 1. Usage\n\nThis library makes a 1:1 mapping between OpenVG 1.1 (as currently bundled on raspian) and JS (via node.js/v8 bindings).\n\n### Differences from the OpenVG APIs.\n\nAll array based APIs are implemented via JS typed arrays. As such, length and offsets are supposed to be handled by the typed array API.\n\nDue to exceptional slowness of typed array creation (should be avoided at all costs either in node and in browser code), even when using [subarray](https://developer.mozilla.org/en-US/docs/Web/JavaScript/Typed_arrays/Int8Array), the APIs that receive typed arrays as parameters (setXxxFV, setXxxIV, etc.) also present OL (Offset + Length) or O (Offset) variants.\n\n### Commonalities with the OpenVG APIs.\n\nCurrently, handles to OpenVG resources aren\'t wrapped in JS/C++ objects.\nFor this reason, special care must be taken to ensure propper destruction of these\nobjects, as they wont be reclaimed by the garbage collector.\nThis may be seen as a bonus since this explicit resource management may help improve\nperformance, esp. in the scenario where this library is supposed to be used.\n\nPS: There are plans to support this kind of wrapping in the future.\n\n### Examples\n\nThis library was created as a base for [openvg-canvas](https://github.com/luismreis/node-openvg-canvas), but can be used standalone.\n\nAlso, check the [examples directory](https://github.com/luismreis/node-openvg/tree/master/examples).\n\n## License\n\n(The MIT License)\n\nCopyright (c) 2012, 2013 Luis Reis\n\nPermission is hereby granted, free of charge, to any person obtaining a copy of this software and associated documentation files (the "Software"), to deal in the Software without restriction, including without limitation the rights to use, copy, modify, merge, publish, distribute, sublicense, and/or sell copies of the Software, and to permit persons to whom the Software is furnished to do so, subject to the following conditions:\n\nThe above copyright notice and this permission notice shall be included in all copies or substantial portions of the Software.\n\nTHE SOFTWARE IS PROVIDED "AS IS", WITHOUT WARRANTY OF ANY KIND, EXPRESS OR IMPLIED, INCLUDING BUT NOT LIMITED TO THE WARRANTIES OF MERCHANTABILITY, FITNESS FOR A PARTICULAR PURPOSE AND NONINFRINGEMENT. IN NO EVENT SHALL THE AUTHORS OR COPYRIGHT HOLDERS BE LIABLE FOR ANY CLAIM, DAMAGES OR OTHER LIABILITY, WHETHER IN AN ACTION OF CONTRACT, TORT OR OTHERWISE, ARISING FROM, OUT OF OR IN CONNECTION WITH THE SOFTWARE OR THE USE OR OTHER DEALINGS IN THE SOFTWARE.\n',
333 silly resolved     readmeFilename: 'README.md',
333 silly resolved     bugs: { url: 'https://github.com/luismreis/node-openvg/issues' },
333 silly resolved     homepage: 'https://github.com/luismreis/node-openvg',
333 silly resolved     _id: 'openvg@0.4.4',
333 silly resolved     _shasum: '73fdba9fa4e7653d35d13b2c811f42b15257ad69',
333 silly resolved     _from: 'openvg@~0.4.4',
333 silly resolved     _resolved: 'https://registry.npmjs.org/openvg/-/openvg-0.4.4.tgz' } ]
334 info install openvg@0.4.4 into /usr/local/lib/node_modules/openvg-canvas
335 info installOne openvg@0.4.4
336 info /usr/local/lib/node_modules/openvg-canvas/node_modules/openvg unbuild
337 verbose tar unpack /Users/alexstubbs/.npm/openvg/0.4.4/package.tgz
338 silly lockFile 912f3511-penvg-canvas-node-modules-openvg tar:///usr/local/lib/node_modules/openvg-canvas/node_modules/openvg
339 verbose lock tar:///usr/local/lib/node_modules/openvg-canvas/node_modules/openvg /Users/alexstubbs/.npm/912f3511-penvg-canvas-node-modules-openvg.lock
340 silly lockFile 8375d0e8-bbs-npm-openvg-0-4-4-package-tgz tar:///Users/alexstubbs/.npm/openvg/0.4.4/package.tgz
341 verbose lock tar:///Users/alexstubbs/.npm/openvg/0.4.4/package.tgz /Users/alexstubbs/.npm/8375d0e8-bbs-npm-openvg-0-4-4-package-tgz.lock
342 silly gunzTarPerm modes [ '755', '644' ]
343 silly gunzTarPerm extractEntry package.json
344 silly gunzTarPerm extractEntry .npmignore
345 silly gunzTarPerm extractEntry README.md
346 silly gunzTarPerm extractEntry openvg.js
347 silly gunzTarPerm extractEntry bin/node-openvg
348 silly gunzTarPerm extractEntry binding.gyp
349 silly gunzTarPerm extractEntry examples/hello.js
350 silly gunzTarPerm extractEntry examples/hwinfo.js
351 silly gunzTarPerm extractEntry examples/panic.js
352 silly gunzTarPerm extractEntry examples/star.js
353 silly gunzTarPerm extractEntry examples/fonts/sans-mono.json
354 silly gunzTarPerm extractEntry examples/fonts/sans.json
355 silly gunzTarPerm extractEntry examples/fonts/serif.json
356 silly gunzTarPerm extractEntry examples/modules/text.js
357 silly gunzTarPerm extractEntry examples/modules/util.js
358 silly gunzTarPerm extractEntry src/argchecks.h
359 silly gunzTarPerm extractEntry src/egl.cc
360 silly gunzTarPerm extractEntry src/egl.h
361 silly gunzTarPerm extractEntry src/init-egl.cc
362 silly gunzTarPerm extractEntry src/openvg.cc
363 silly gunzTarPerm extractEntry src/openvg.h
364 silly gunzTarPerm extractEntry src/v8_helpers.h
365 silly lockFile 912f3511-penvg-canvas-node-modules-openvg tar:///usr/local/lib/node_modules/openvg-canvas/node_modules/openvg
366 silly lockFile 912f3511-penvg-canvas-node-modules-openvg tar:///usr/local/lib/node_modules/openvg-canvas/node_modules/openvg
367 silly lockFile 8375d0e8-bbs-npm-openvg-0-4-4-package-tgz tar:///Users/alexstubbs/.npm/openvg/0.4.4/package.tgz
368 silly lockFile 8375d0e8-bbs-npm-openvg-0-4-4-package-tgz tar:///Users/alexstubbs/.npm/openvg/0.4.4/package.tgz
369 info preinstall openvg@0.4.4
370 verbose readDependencies using package.json deps
371 verbose readDependencies using package.json deps
372 silly resolved []
373 verbose about to build /usr/local/lib/node_modules/openvg-canvas/node_modules/openvg
374 info build /usr/local/lib/node_modules/openvg-canvas/node_modules/openvg
375 verbose linkStuff [ true,
375 verbose linkStuff   '/usr/local/lib/node_modules',
375 verbose linkStuff   false,
375 verbose linkStuff   '/usr/local/lib/node_modules/openvg-canvas/node_modules' ]
376 info linkStuff openvg@0.4.4
377 verbose linkBins openvg@0.4.4
378 verbose link bins [ { 'node-openvg': './bin/node-openvg' },
378 verbose link bins   '/usr/local/lib/node_modules/openvg-canvas/node_modules/.bin',
378 verbose link bins   false ]
379 verbose linkMans openvg@0.4.4
380 verbose rebuildBundles openvg@0.4.4
381 info install openvg@0.4.4
382 verbose unsafe-perm in lifecycle true
383 info openvg@0.4.4 Failed to exec install script
384 info /usr/local/lib/node_modules/openvg-canvas/node_modules/openvg unbuild
385 info preuninstall openvg@0.4.4
386 info uninstall openvg@0.4.4
387 verbose false,/usr/local/lib/node_modules,/usr/local/lib/node_modules/openvg-canvas/node_modules unbuild openvg@0.4.4
388 verbose /usr/local/lib/node_modules/openvg-canvas/node_modules/.bin,[object Object] binRoot
389 info postuninstall openvg@0.4.4
390 verbose about to build /usr/local/lib/node_modules/openvg-canvas
391 info /usr/local/lib/node_modules/openvg-canvas unbuild
392 info preuninstall openvg-canvas@1.1.7
393 info uninstall openvg-canvas@1.1.7
394 verbose true,/usr/local/lib/node_modules,/usr/local/lib/node_modules unbuild openvg-canvas@1.1.7
395 verbose /usr/local/bin,[object Object] binRoot
396 info postuninstall openvg-canvas@1.1.7
397 error openvg@0.4.4 install: `node-gyp rebuild`
397 error Exit status 1
398 error Failed at the openvg@0.4.4 install script.
398 error This is most likely a problem with the openvg package,
398 error not with npm itself.
398 error Tell the author that this fails on your system:
398 error     node-gyp rebuild
398 error You can get their info via:
398 error     npm owner ls openvg
398 error There is likely additional logging output above.
399 error System Darwin 13.3.0
400 error command "/usr/local/bin/node" "/usr/local/bin/npm" "install" "openvg-canvas" "-g"
401 error cwd /Users/alexstubbs/Projects/Ignition/Release
402 error node -v v0.10.28
403 error npm -v 1.4.9
404 error code ELIFECYCLE
405 verbose exit [ 1, true ]
